2024-09-11 14:35:16.1499|INFO|Microsoft.Hosting.Lifetime|Now listening on: https://localhost:7141
2024-09-11 14:35:16.1681|INFO|Microsoft.Hosting.Lifetime|Now listening on: http://localhost:5113
2024-09-11 14:35:16.1699|INFO|Microsoft.Hosting.Lifetime|Application started. Press Ctrl+C to shut down.
2024-09-11 14:35:16.1707|INFO|Microsoft.Hosting.Lifetime|Hosting environment: Development
2024-09-11 14:35:16.1707|INFO|Microsoft.Hosting.Lifetime|Content root path: /Users/aimefu/Desktop/作品集/yogaAdmin/yogaAdminAPI/
2024-09-11 14:35:16.5875|INFO|Microsoft.AspNetCore.Hosting.Diagnostics|Request starting HTTP/1.1 GET https://localhost:7141/ - -
2024-09-11 14:35:16.7733|INFO|Microsoft.AspNetCore.Hosting.Diagnostics|Request finished HTTP/1.1 GET https://localhost:7141/ - - - 404 0 - 186.8002ms
2024-09-11 14:35:54.3157|INFO|Microsoft.Hosting.Lifetime|Now listening on: https://localhost:7141
2024-09-11 14:35:54.3352|INFO|Microsoft.Hosting.Lifetime|Now listening on: http://localhost:5113
2024-09-11 14:35:54.3376|INFO|Microsoft.Hosting.Lifetime|Application started. Press Ctrl+C to shut down.
2024-09-11 14:35:54.3386|INFO|Microsoft.Hosting.Lifetime|Hosting environment: Development
2024-09-11 14:35:54.3386|INFO|Microsoft.Hosting.Lifetime|Content root path: /Users/aimefu/Desktop/作品集/yogaAdmin/yogaAdminAPI/
2024-09-11 14:35:54.6625|INFO|Microsoft.AspNetCore.Hosting.Diagnostics|Request starting HTTP/1.1 GET https://localhost:7141/ - -
2024-09-11 14:35:54.8542|INFO|Microsoft.AspNetCore.Hosting.Diagnostics|Request finished HTTP/1.1 GET https://localhost:7141/ - - - 404 0 - 193.0321ms
2024-09-11 14:36:06.7169|INFO|Microsoft.AspNetCore.Hosting.Diagnostics|Request starting HTTP/1.1 GET https://localhost:7141/swagger - -
2024-09-11 14:36:06.7253|INFO|Microsoft.AspNetCore.Hosting.Diagnostics|Request finished HTTP/1.1 GET https://localhost:7141/swagger - - - 301 0 - 8.3710ms
2024-09-11 14:36:06.7290|INFO|Microsoft.AspNetCore.Hosting.Diagnostics|Request starting HTTP/1.1 GET https://localhost:7141/swagger/index.html - -
2024-09-11 14:36:06.7685|INFO|Microsoft.AspNetCore.Hosting.Diagnostics|Request finished HTTP/1.1 GET https://localhost:7141/swagger/index.html - - - 200 - text/html;charset=utf-8 39.4533ms
2024-09-11 14:36:06.7765|INFO|Microsoft.AspNetCore.Hosting.Diagnostics|Request starting HTTP/1.1 GET https://localhost:7141/swagger/swagger-ui.css - -
2024-09-11 14:36:06.8325|INFO|Microsoft.AspNetCore.StaticFiles.StaticFileMiddleware|Sending file. Request path: '/swagger-ui.css'. Physical path: 'N/A'
2024-09-11 14:36:06.8325|INFO|Microsoft.AspNetCore.Hosting.Diagnostics|Request finished HTTP/1.1 GET https://localhost:7141/swagger/swagger-ui.css - - - 200 144929 text/css 56.1167ms
2024-09-11 14:36:06.8325|INFO|Microsoft.AspNetCore.Hosting.Diagnostics|Request starting HTTP/1.1 GET https://localhost:7141/swagger/swagger-ui-bundle.js - -
2024-09-11 14:36:06.8394|INFO|Microsoft.AspNetCore.StaticFiles.StaticFileMiddleware|Sending file. Request path: '/swagger-ui-bundle.js'. Physical path: 'N/A'
2024-09-11 14:36:06.8394|INFO|Microsoft.AspNetCore.Hosting.Diagnostics|Request finished HTTP/1.1 GET https://localhost:7141/swagger/swagger-ui-bundle.js - - - 200 1061536 application/javascript 6.7804ms
2024-09-11 14:36:06.8394|INFO|Microsoft.AspNetCore.Hosting.Diagnostics|Request starting HTTP/1.1 GET https://localhost:7141/swagger/swagger-ui-standalone-preset.js - -
2024-09-11 14:36:06.8452|INFO|Microsoft.AspNetCore.StaticFiles.StaticFileMiddleware|Sending file. Request path: '/swagger-ui-standalone-preset.js'. Physical path: 'N/A'
2024-09-11 14:36:06.8463|INFO|Microsoft.AspNetCore.Hosting.Diagnostics|Request finished HTTP/1.1 GET https://localhost:7141/swagger/swagger-ui-standalone-preset.js - - - 200 312163 application/javascript 6.4652ms
2024-09-11 14:36:06.9718|INFO|Microsoft.AspNetCore.Hosting.Diagnostics|Request starting HTTP/1.1 GET https://localhost:7141/swagger/v1/swagger.json - -
2024-09-11 14:36:07.0300|INFO|Microsoft.AspNetCore.Hosting.Diagnostics|Request finished HTTP/1.1 GET https://localhost:7141/swagger/v1/swagger.json - - - 200 - application/json;charset=utf-8 58.2260ms
2024-09-11 14:36:12.6165|INFO|Microsoft.AspNetCore.Hosting.Diagnostics|Request starting HTTP/1.1 POST https://localhost:7141/Teacher/Query application/json 24
2024-09-11 14:36:12.6222|INFO|Microsoft.AspNetCore.Routing.EndpointMiddleware|Executing endpoint 'yogaAdminAPI.Controllers.TeacherController.Query (yogaAdminAPI)'
2024-09-11 14:36:12.6560|INFO|Microsoft.AspNetCore.Mvc.Infrastructure.ControllerActionInvoker|Route matched with {action = "Query", controller = "Teacher"}. Executing controller action with signature System.Threading.Tasks.Task`1[yogaAdminLib.DTOs.QueryRs] Query(yogaAdminLib.DTOs.QueryRq) on controller yogaAdminAPI.Controllers.TeacherController (yogaAdminAPI).
2024-09-11 14:36:13.3880|INFO|Microsoft.EntityFrameworkCore.Database.Command|Executed DbCommand (32ms) [Parameters=[], CommandType='Text', CommandTimeout='30']
SELECT t.id, t.createtime, t.eng_name, t.isfulltime, t.mobile, t.modifytime, t.name, t.worktype
FROM teacher AS t
2024-09-11 14:36:13.4408|INFO|yogaAdminAPI.Services.TeacherService|okok
2024-09-11 14:36:13.4437|INFO|Microsoft.AspNetCore.Mvc.Infrastructure.ObjectResultExecutor|Executing ObjectResult, writing value of type 'yogaAdminLib.DTOs.QueryRs'.
2024-09-11 14:36:13.4471|INFO|Microsoft.AspNetCore.Mvc.Infrastructure.ControllerActionInvoker|Executed action yogaAdminAPI.Controllers.TeacherController.Query (yogaAdminAPI) in 789.3406ms
2024-09-11 14:36:13.4475|INFO|Microsoft.AspNetCore.Routing.EndpointMiddleware|Executed endpoint 'yogaAdminAPI.Controllers.TeacherController.Query (yogaAdminAPI)'
2024-09-11 14:36:13.4541|INFO|Microsoft.AspNetCore.Hosting.Diagnostics|Request finished HTTP/1.1 POST https://localhost:7141/Teacher/Query application/json 24 - 200 - application/json;+charset=utf-8 837.6109ms
2024-09-11 16:59:22.6280|INFO|Microsoft.Hosting.Lifetime|Now listening on: https://localhost:7141
2024-09-11 16:59:22.6479|INFO|Microsoft.Hosting.Lifetime|Now listening on: http://localhost:5113
2024-09-11 16:59:22.6503|INFO|Microsoft.Hosting.Lifetime|Application started. Press Ctrl+C to shut down.
2024-09-11 16:59:22.6513|INFO|Microsoft.Hosting.Lifetime|Hosting environment: Development
2024-09-11 16:59:22.6513|INFO|Microsoft.Hosting.Lifetime|Content root path: /Users/aimefu/Desktop/作品集/yogaAdmin/yogaAdminAPI/
2024-09-11 16:59:23.2535|INFO|Microsoft.AspNetCore.Hosting.Diagnostics|Request starting HTTP/1.1 GET https://localhost:7141/ - -
2024-09-11 16:59:23.5244|INFO|Microsoft.AspNetCore.Hosting.Diagnostics|Request finished HTTP/1.1 GET https://localhost:7141/ - - - 404 0 - 278.1022ms
2024-09-11 16:59:26.5282|INFO|Microsoft.AspNetCore.Hosting.Diagnostics|Request starting HTTP/1.1 GET https://localhost:7141/swagger - -
2024-09-11 16:59:26.5385|INFO|Microsoft.AspNetCore.Hosting.Diagnostics|Request finished HTTP/1.1 GET https://localhost:7141/swagger - - - 301 0 - 10.3562ms
2024-09-11 16:59:26.5401|INFO|Microsoft.AspNetCore.Hosting.Diagnostics|Request starting HTTP/1.1 GET https://localhost:7141/swagger/index.html - -
2024-09-11 16:59:26.5719|INFO|Microsoft.AspNetCore.Hosting.Diagnostics|Request finished HTTP/1.1 GET https://localhost:7141/swagger/index.html - - - 200 - text/html;charset=utf-8 31.7493ms
2024-09-11 16:59:26.5811|INFO|Microsoft.AspNetCore.Hosting.Diagnostics|Request starting HTTP/1.1 GET https://localhost:7141/swagger/swagger-ui.css - -
2024-09-11 16:59:26.5920|INFO|Microsoft.AspNetCore.StaticFiles.StaticFileMiddleware|Sending file. Request path: '/swagger-ui.css'. Physical path: 'N/A'
2024-09-11 16:59:26.5921|INFO|Microsoft.AspNetCore.Hosting.Diagnostics|Request finished HTTP/1.1 GET https://localhost:7141/swagger/swagger-ui.css - - - 200 144929 text/css 10.9689ms
2024-09-11 16:59:26.5921|INFO|Microsoft.AspNetCore.Hosting.Diagnostics|Request starting HTTP/1.1 GET https://localhost:7141/swagger/swagger-ui-bundle.js - -
2024-09-11 16:59:26.7284|INFO|Microsoft.AspNetCore.Hosting.Diagnostics|Request starting HTTP/1.1 GET https://localhost:7141/swagger/swagger-ui-standalone-preset.js - -
2024-09-11 16:59:26.8072|INFO|Microsoft.AspNetCore.StaticFiles.StaticFileMiddleware|Sending file. Request path: '/swagger-ui-bundle.js'. Physical path: 'N/A'
2024-09-11 16:59:26.8072|INFO|Microsoft.AspNetCore.StaticFiles.StaticFileMiddleware|Sending file. Request path: '/swagger-ui-standalone-preset.js'. Physical path: 'N/A'
2024-09-11 16:59:26.8101|INFO|Microsoft.AspNetCore.Hosting.Diagnostics|Request finished HTTP/1.1 GET https://localhost:7141/swagger/swagger-ui-bundle.js - - - 200 1061536 application/javascript 217.6722ms
2024-09-11 16:59:26.8101|INFO|Microsoft.AspNetCore.Hosting.Diagnostics|Request finished HTTP/1.1 GET https://localhost:7141/swagger/swagger-ui-standalone-preset.js - - - 200 312163 application/javascript 81.6348ms
2024-09-11 16:59:26.8502|INFO|Microsoft.AspNetCore.Hosting.Diagnostics|Request starting HTTP/1.1 GET https://localhost:7141/swagger/v1/swagger.json - -
2024-09-11 16:59:26.9092|INFO|Microsoft.AspNetCore.Hosting.Diagnostics|Request finished HTTP/1.1 GET https://localhost:7141/swagger/v1/swagger.json - - - 200 - application/json;charset=utf-8 59.0028ms
2024-09-11 16:59:33.5223|INFO|Microsoft.AspNetCore.Hosting.Diagnostics|Request starting HTTP/1.1 POST https://localhost:7141/Teacher/Query application/json 24
2024-09-11 16:59:33.5289|INFO|Microsoft.AspNetCore.Routing.EndpointMiddleware|Executing endpoint 'yogaAdminAPI.Controllers.TeacherController.Query (yogaAdminAPI)'
2024-09-11 16:59:33.5624|INFO|Microsoft.AspNetCore.Mvc.Infrastructure.ControllerActionInvoker|Route matched with {action = "Query", controller = "Teacher"}. Executing controller action with signature System.Threading.Tasks.Task`1[yogaAdminLib.DTOs.QueryRs] Query(yogaAdminLib.DTOs.QueryRq) on controller yogaAdminAPI.Controllers.TeacherController (yogaAdminAPI).
2024-09-11 16:59:37.8738|INFO|Microsoft.EntityFrameworkCore.Database.Command|Executed DbCommand (36ms) [Parameters=[], CommandType='Text', CommandTimeout='30']
SELECT t.id, t.createtime, t.eng_name, t.isfulltime, t.mobile, t.modifytime, t.name, t.worktype
FROM teacher AS t
2024-09-11 16:59:37.9313|INFO|yogaAdminAPI.Services.TeacherService|okok
2024-09-11 16:59:37.9345|INFO|Microsoft.AspNetCore.Mvc.Infrastructure.ObjectResultExecutor|Executing ObjectResult, writing value of type 'yogaAdminLib.DTOs.QueryRs'.
2024-09-11 16:59:37.9384|INFO|Microsoft.AspNetCore.Mvc.Infrastructure.ControllerActionInvoker|Executed action yogaAdminAPI.Controllers.TeacherController.Query (yogaAdminAPI) in 4374.4042ms
2024-09-11 16:59:37.9384|INFO|Microsoft.AspNetCore.Routing.EndpointMiddleware|Executed endpoint 'yogaAdminAPI.Controllers.TeacherController.Query (yogaAdminAPI)'
2024-09-11 16:59:37.9461|INFO|Microsoft.AspNetCore.Hosting.Diagnostics|Request finished HTTP/1.1 POST https://localhost:7141/Teacher/Query application/json 24 - 200 - application/json;+charset=utf-8 4423.8519ms
2024-09-11 17:02:22.3099|INFO|Microsoft.Hosting.Lifetime|Now listening on: https://localhost:7141
2024-09-11 17:02:22.3277|INFO|Microsoft.Hosting.Lifetime|Now listening on: http://localhost:5113
2024-09-11 17:02:22.3299|INFO|Microsoft.Hosting.Lifetime|Application started. Press Ctrl+C to shut down.
2024-09-11 17:02:22.3310|INFO|Microsoft.Hosting.Lifetime|Hosting environment: Development
2024-09-11 17:02:22.3310|INFO|Microsoft.Hosting.Lifetime|Content root path: /Users/aimefu/Desktop/作品集/yogaAdmin/yogaAdminAPI/
2024-09-11 17:02:22.7575|INFO|Microsoft.AspNetCore.Hosting.Diagnostics|Request starting HTTP/1.1 GET https://localhost:7141/ - -
2024-09-11 17:02:23.0749|INFO|Microsoft.AspNetCore.Hosting.Diagnostics|Request finished HTTP/1.1 GET https://localhost:7141/ - - - 404 0 - 320.9755ms
2024-09-11 17:02:34.7251|INFO|Microsoft.AspNetCore.Hosting.Diagnostics|Request starting HTTP/1.1 POST https://localhost:7141/Teacher/Query application/json;+charset=utf-8 -
2024-09-11 17:02:34.7270|INFO|Microsoft.AspNetCore.Routing.EndpointMiddleware|Executing endpoint 'yogaAdminAPI.Controllers.TeacherController.Query (yogaAdminAPI)'
2024-09-11 17:02:34.7411|INFO|Microsoft.AspNetCore.Mvc.Infrastructure.ControllerActionInvoker|Route matched with {action = "Query", controller = "Teacher"}. Executing controller action with signature System.Threading.Tasks.Task`1[yogaAdminLib.DTOs.QueryRs] Query(yogaAdminLib.DTOs.QueryRq) on controller yogaAdminAPI.Controllers.TeacherController (yogaAdminAPI).
2024-09-11 17:02:37.3471|INFO|Microsoft.EntityFrameworkCore.Database.Command|Executed DbCommand (34ms) [Parameters=[], CommandType='Text', CommandTimeout='30']
SELECT t.id, t.createtime, t.eng_name, t.isfulltime, t.mobile, t.modifytime, t.name, t.worktype
FROM teacher AS t
2024-09-11 17:02:37.4024|INFO|yogaAdminAPI.Services.TeacherService|okok
2024-09-11 17:02:37.4067|INFO|Microsoft.AspNetCore.Mvc.Infrastructure.ObjectResultExecutor|Executing ObjectResult, writing value of type 'yogaAdminLib.DTOs.QueryRs'.
2024-09-11 17:02:37.4116|INFO|Microsoft.AspNetCore.Mvc.Infrastructure.ControllerActionInvoker|Executed action yogaAdminAPI.Controllers.TeacherController.Query (yogaAdminAPI) in 2669.0713ms
2024-09-11 17:02:37.4116|INFO|Microsoft.AspNetCore.Routing.EndpointMiddleware|Executed endpoint 'yogaAdminAPI.Controllers.TeacherController.Query (yogaAdminAPI)'
2024-09-11 17:02:37.4201|INFO|Microsoft.AspNetCore.Hosting.Diagnostics|Request finished HTTP/1.1 POST https://localhost:7141/Teacher/Query application/json;+charset=utf-8 - - 200 - application/json;+charset=utf-8 2695.0210ms
2024-09-12 10:15:39.7680|INFO|Microsoft.Hosting.Lifetime|Now listening on: https://localhost:7141
2024-09-12 10:15:39.7859|INFO|Microsoft.Hosting.Lifetime|Now listening on: http://localhost:5113
2024-09-12 10:15:39.7877|INFO|Microsoft.Hosting.Lifetime|Application started. Press Ctrl+C to shut down.
2024-09-12 10:15:39.7886|INFO|Microsoft.Hosting.Lifetime|Hosting environment: Development
2024-09-12 10:15:39.7886|INFO|Microsoft.Hosting.Lifetime|Content root path: /Users/aimefu/Desktop/作品集/yogaAdmin/yogaAdminAPI/
2024-09-12 10:15:40.1351|INFO|Microsoft.AspNetCore.Hosting.Diagnostics|Request starting HTTP/1.1 GET https://localhost:7141/ - -
2024-09-12 10:15:40.3509|INFO|Microsoft.AspNetCore.Hosting.Diagnostics|Request finished HTTP/1.1 GET https://localhost:7141/ - - - 404 0 - 216.7266ms
2024-09-12 10:15:42.1256|INFO|Microsoft.AspNetCore.Hosting.Diagnostics|Request starting HTTP/1.1 GET https://localhost:7141/swagger - -
2024-09-12 10:15:42.1321|INFO|Microsoft.AspNetCore.Hosting.Diagnostics|Request finished HTTP/1.1 GET https://localhost:7141/swagger - - - 301 0 - 6.5388ms
2024-09-12 10:15:42.1338|INFO|Microsoft.AspNetCore.Hosting.Diagnostics|Request starting HTTP/1.1 GET https://localhost:7141/swagger/index.html - -
2024-09-12 10:15:42.1688|INFO|Microsoft.AspNetCore.Hosting.Diagnostics|Request finished HTTP/1.1 GET https://localhost:7141/swagger/index.html - - - 200 - text/html;charset=utf-8 35.0318ms
2024-09-12 10:15:42.1728|INFO|Microsoft.AspNetCore.Hosting.Diagnostics|Request starting HTTP/1.1 GET https://localhost:7141/swagger/swagger-ui.css - -
2024-09-12 10:15:42.1798|INFO|Microsoft.AspNetCore.StaticFiles.StaticFileMiddleware|Sending file. Request path: '/swagger-ui.css'. Physical path: 'N/A'
2024-09-12 10:15:42.1798|INFO|Microsoft.AspNetCore.Hosting.Diagnostics|Request finished HTTP/1.1 GET https://localhost:7141/swagger/swagger-ui.css - - - 200 144929 text/css 7.0865ms
2024-09-12 10:15:42.1798|INFO|Microsoft.AspNetCore.Hosting.Diagnostics|Request starting HTTP/1.1 GET https://localhost:7141/swagger/swagger-ui-bundle.js - -
2024-09-12 10:15:42.1841|INFO|Microsoft.AspNetCore.StaticFiles.StaticFileMiddleware|Sending file. Request path: '/swagger-ui-bundle.js'. Physical path: 'N/A'
2024-09-12 10:15:42.1842|INFO|Microsoft.AspNetCore.Hosting.Diagnostics|Request finished HTTP/1.1 GET https://localhost:7141/swagger/swagger-ui-bundle.js - - - 200 1061536 application/javascript 4.2732ms
2024-09-12 10:15:42.2080|INFO|Microsoft.AspNetCore.Hosting.Diagnostics|Request starting HTTP/1.1 GET https://localhost:7141/swagger/swagger-ui-standalone-preset.js - -
2024-09-12 10:15:42.3125|INFO|Microsoft.AspNetCore.StaticFiles.StaticFileMiddleware|Sending file. Request path: '/swagger-ui-standalone-preset.js'. Physical path: 'N/A'
2024-09-12 10:15:42.3125|INFO|Microsoft.AspNetCore.Hosting.Diagnostics|Request finished HTTP/1.1 GET https://localhost:7141/swagger/swagger-ui-standalone-preset.js - - - 200 312163 application/javascript 104.6507ms
2024-09-12 10:15:42.3617|INFO|Microsoft.AspNetCore.Hosting.Diagnostics|Request starting HTTP/1.1 GET https://localhost:7141/swagger/v1/swagger.json - -
2024-09-12 10:15:42.4125|INFO|Microsoft.AspNetCore.Hosting.Diagnostics|Request finished HTTP/1.1 GET https://localhost:7141/swagger/v1/swagger.json - - - 200 - application/json;charset=utf-8 50.7661ms
2024-09-12 10:27:33.5815|INFO|Microsoft.Hosting.Lifetime|Now listening on: https://localhost:7141
2024-09-12 10:27:33.6002|INFO|Microsoft.Hosting.Lifetime|Now listening on: http://localhost:5113
2024-09-12 10:27:33.6024|INFO|Microsoft.Hosting.Lifetime|Application started. Press Ctrl+C to shut down.
2024-09-12 10:27:33.6035|INFO|Microsoft.Hosting.Lifetime|Hosting environment: Development
2024-09-12 10:27:33.6035|INFO|Microsoft.Hosting.Lifetime|Content root path: /Users/aimefu/Desktop/作品集/yogaAdmin/yogaAdminAPI/
2024-09-12 10:27:33.9274|INFO|Microsoft.AspNetCore.Hosting.Diagnostics|Request starting HTTP/1.1 GET https://localhost:7141/ - -
2024-09-12 10:27:34.1506|INFO|Microsoft.AspNetCore.Hosting.Diagnostics|Request finished HTTP/1.1 GET https://localhost:7141/ - - - 404 0 - 224.3730ms
2024-09-12 10:27:42.2831|INFO|Microsoft.AspNetCore.Hosting.Diagnostics|Request starting HTTP/1.1 POST https://localhost:7141/Teacher/Query application/json;+charset=utf-8 -
2024-09-12 10:27:42.2851|INFO|Microsoft.AspNetCore.Routing.EndpointMiddleware|Executing endpoint 'yogaAdminAPI.Controllers.TeacherController.Query (yogaAdminAPI)'
2024-09-12 10:27:42.2991|INFO|Microsoft.AspNetCore.Mvc.Infrastructure.ControllerActionInvoker|Route matched with {action = "Query", controller = "Teacher"}. Executing controller action with signature System.Threading.Tasks.Task`1[yogaAdminLib.DTOs.QueryRs] Query(yogaAdminLib.DTOs.QueryRq) on controller yogaAdminAPI.Controllers.TeacherController (yogaAdminAPI).
2024-09-12 10:27:46.9246|INFO|Microsoft.EntityFrameworkCore.Database.Command|Executed DbCommand (33ms) [Parameters=[], CommandType='Text', CommandTimeout='30']
SELECT t.id, t.createtime, t.eng_name, t.isfulltime, t.mobile, t.modifytime, t.name, t.worktype
FROM teacher AS t
2024-09-12 10:27:46.9796|INFO|yogaAdminAPI.Services.TeacherService|okok
2024-09-12 10:27:46.9838|INFO|Microsoft.AspNetCore.Mvc.Infrastructure.ObjectResultExecutor|Executing ObjectResult, writing value of type 'yogaAdminLib.DTOs.QueryRs'.
2024-09-12 10:27:46.9889|INFO|Microsoft.AspNetCore.Mvc.Infrastructure.ControllerActionInvoker|Executed action yogaAdminAPI.Controllers.TeacherController.Query (yogaAdminAPI) in 4688.4174ms
2024-09-12 10:27:46.9893|INFO|Microsoft.AspNetCore.Routing.EndpointMiddleware|Executed endpoint 'yogaAdminAPI.Controllers.TeacherController.Query (yogaAdminAPI)'
2024-09-12 10:27:46.9976|INFO|Microsoft.AspNetCore.Hosting.Diagnostics|Request finished HTTP/1.1 POST https://localhost:7141/Teacher/Query application/json;+charset=utf-8 - - 200 - application/json;+charset=utf-8 4714.5295ms
2024-09-12 10:29:37.6708|INFO|Microsoft.Hosting.Lifetime|Now listening on: https://localhost:7141
2024-09-12 10:29:37.6897|INFO|Microsoft.Hosting.Lifetime|Now listening on: http://localhost:5113
2024-09-12 10:29:37.6916|INFO|Microsoft.Hosting.Lifetime|Application started. Press Ctrl+C to shut down.
2024-09-12 10:29:37.6926|INFO|Microsoft.Hosting.Lifetime|Hosting environment: Development
2024-09-12 10:29:37.6926|INFO|Microsoft.Hosting.Lifetime|Content root path: /Users/aimefu/Desktop/作品集/yogaAdmin/yogaAdminAPI/
2024-09-12 10:29:37.8716|INFO|Microsoft.AspNetCore.Hosting.Diagnostics|Request starting HTTP/1.1 GET https://localhost:7141/ - -
2024-09-12 10:29:38.1287|INFO|Microsoft.AspNetCore.Hosting.Diagnostics|Request finished HTTP/1.1 GET https://localhost:7141/ - - - 404 0 - 258.2322ms
2024-09-12 10:29:52.7422|INFO|Microsoft.AspNetCore.Hosting.Diagnostics|Request starting HTTP/1.1 POST https://localhost:7141/Teacher/Edit application/json;+charset=utf-8 -
2024-09-12 10:29:52.7441|INFO|Microsoft.AspNetCore.Routing.EndpointMiddleware|Executing endpoint 'yogaAdminAPI.Controllers.TeacherController.Edit (yogaAdminAPI)'
2024-09-12 10:29:52.7590|INFO|Microsoft.AspNetCore.Mvc.Infrastructure.ControllerActionInvoker|Route matched with {action = "Edit", controller = "Teacher"}. Executing controller action with signature System.Threading.Tasks.Task`1[yogaAdminLib.DTOs.EditRs] Edit(yogaAdminLib.DTOs.EditRq) on controller yogaAdminAPI.Controllers.TeacherController (yogaAdminAPI).
2024-09-12 10:29:58.3134|INFO|Microsoft.EntityFrameworkCore.Database.Command|Executed DbCommand (38ms) [Parameters=[@__Rq_TeacherId_0='?'], CommandType='Text', CommandTimeout='30']
SELECT t.id, t.createtime, t.eng_name, t.isfulltime, t.mobile, t.modifytime, t.name, t.worktype
FROM teacher AS t
WHERE t.id = @__Rq_TeacherId_0
LIMIT 1
2024-09-12 10:29:59.5761|INFO|Microsoft.EntityFrameworkCore.Database.Command|Executed DbCommand (7ms) [Parameters=[@p7='?', @p0='?', @p1='?', @p2='?' (DbType = Boolean), @p3='?', @p4='?', @p5='?', @p6='?'], CommandType='Text', CommandTimeout='30']
UPDATE teacher SET createtime = @p0, eng_name = @p1, isfulltime = @p2, mobile = @p3, modifytime = @p4, name = @p5, worktype = @p6
WHERE id = @p7;
2024-09-12 10:30:00.0784|INFO|Microsoft.AspNetCore.Mvc.Infrastructure.ObjectResultExecutor|Executing ObjectResult, writing value of type 'yogaAdminLib.DTOs.EditRs'.
2024-09-12 10:30:00.0851|INFO|Microsoft.AspNetCore.Mvc.Infrastructure.ControllerActionInvoker|Executed action yogaAdminAPI.Controllers.TeacherController.Edit (yogaAdminAPI) in 7324.3651ms
2024-09-12 10:30:00.0855|INFO|Microsoft.AspNetCore.Routing.EndpointMiddleware|Executed endpoint 'yogaAdminAPI.Controllers.TeacherController.Edit (yogaAdminAPI)'
2024-09-12 10:30:00.0944|INFO|Microsoft.AspNetCore.Hosting.Diagnostics|Request finished HTTP/1.1 POST https://localhost:7141/Teacher/Edit application/json;+charset=utf-8 - - 200 - application/json;+charset=utf-8 7352.2705ms
2024-09-12 10:30:13.4269|INFO|Microsoft.AspNetCore.Hosting.Diagnostics|Request starting HTTP/1.1 POST https://localhost:7141/Teacher/Delete application/json;+charset=utf-8 -
2024-09-12 10:30:13.4279|INFO|Microsoft.AspNetCore.Routing.EndpointMiddleware|Executing endpoint 'yogaAdminAPI.Controllers.TeacherController.Delete (yogaAdminAPI)'
2024-09-12 10:30:13.4290|INFO|Microsoft.AspNetCore.Mvc.Infrastructure.ControllerActionInvoker|Route matched with {action = "Delete", controller = "Teacher"}. Executing controller action with signature System.Threading.Tasks.Task`1[yogaAdminLib.DTOs.EditRs] Delete(yogaAdminLib.DTOs.EditRq) on controller yogaAdminAPI.Controllers.TeacherController (yogaAdminAPI).
2024-09-12 10:30:16.1523|INFO|Microsoft.EntityFrameworkCore.Database.Command|Executed DbCommand (1ms) [Parameters=[@__Rq_TeacherId_0='?'], CommandType='Text', CommandTimeout='30']
SELECT t.id, t.createtime, t.eng_name, t.isfulltime, t.mobile, t.modifytime, t.name, t.worktype
FROM teacher AS t
WHERE t.id = @__Rq_TeacherId_0
LIMIT 1
2024-09-12 10:30:16.7827|INFO|Microsoft.EntityFrameworkCore.Database.Command|Executed DbCommand (22ms) [Parameters=[@p0='?'], CommandType='Text', CommandTimeout='30']
DELETE FROM teacher
WHERE id = @p0;
2024-09-12 10:30:17.4666|INFO|Microsoft.AspNetCore.Mvc.Infrastructure.ObjectResultExecutor|Executing ObjectResult, writing value of type 'yogaAdminLib.DTOs.EditRs'.
2024-09-12 10:30:17.4666|INFO|Microsoft.AspNetCore.Mvc.Infrastructure.ControllerActionInvoker|Executed action yogaAdminAPI.Controllers.TeacherController.Delete (yogaAdminAPI) in 4038.1357ms
2024-09-12 10:30:17.4666|INFO|Microsoft.AspNetCore.Routing.EndpointMiddleware|Executed endpoint 'yogaAdminAPI.Controllers.TeacherController.Delete (yogaAdminAPI)'
2024-09-12 10:30:17.4674|INFO|Microsoft.AspNetCore.Hosting.Diagnostics|Request finished HTTP/1.1 POST https://localhost:7141/Teacher/Delete application/json;+charset=utf-8 - - 200 - application/json;+charset=utf-8 4040.5218ms
2024-09-12 10:49:17.9411|INFO|Microsoft.Hosting.Lifetime|Now listening on: https://localhost:7141
2024-09-12 10:49:17.9581|INFO|Microsoft.Hosting.Lifetime|Now listening on: http://localhost:5113
2024-09-12 10:49:17.9603|INFO|Microsoft.Hosting.Lifetime|Application started. Press Ctrl+C to shut down.
2024-09-12 10:49:17.9614|INFO|Microsoft.Hosting.Lifetime|Hosting environment: Development
2024-09-12 10:49:17.9614|INFO|Microsoft.Hosting.Lifetime|Content root path: /Users/aimefu/Desktop/作品集/yogaAdmin/yogaAdminAPI/
2024-09-12 10:49:18.2866|INFO|Microsoft.AspNetCore.Hosting.Diagnostics|Request starting HTTP/1.1 GET https://localhost:7141/ - -
2024-09-12 10:49:18.4804|INFO|Microsoft.AspNetCore.Hosting.Diagnostics|Request finished HTTP/1.1 GET https://localhost:7141/ - - - 404 0 - 195.0457ms
2024-09-12 10:49:49.1516|INFO|Microsoft.Hosting.Lifetime|Now listening on: https://localhost:7141
2024-09-12 10:49:49.1703|INFO|Microsoft.Hosting.Lifetime|Now listening on: http://localhost:5113
2024-09-12 10:49:49.1727|INFO|Microsoft.Hosting.Lifetime|Application started. Press Ctrl+C to shut down.
2024-09-12 10:49:49.1739|INFO|Microsoft.Hosting.Lifetime|Hosting environment: Development
2024-09-12 10:49:49.1739|INFO|Microsoft.Hosting.Lifetime|Content root path: /Users/aimefu/Desktop/作品集/yogaAdmin/yogaAdminAPI/
2024-09-12 10:49:49.4003|INFO|Microsoft.AspNetCore.Hosting.Diagnostics|Request starting HTTP/1.1 GET https://localhost:7141/ - -
2024-09-12 10:49:49.5955|INFO|Microsoft.AspNetCore.Hosting.Diagnostics|Request finished HTTP/1.1 GET https://localhost:7141/ - - - 404 0 - 196.0695ms
2024-09-12 10:52:32.9480|INFO|Microsoft.Hosting.Lifetime|Now listening on: https://localhost:7141
2024-09-12 10:52:32.9687|INFO|Microsoft.Hosting.Lifetime|Now listening on: http://localhost:5113
2024-09-12 10:52:32.9707|INFO|Microsoft.Hosting.Lifetime|Application started. Press Ctrl+C to shut down.
2024-09-12 10:52:32.9716|INFO|Microsoft.Hosting.Lifetime|Hosting environment: Development
2024-09-12 10:52:32.9716|INFO|Microsoft.Hosting.Lifetime|Content root path: /Users/aimefu/Desktop/作品集/yogaAdmin/yogaAdminAPI/
2024-09-12 10:52:33.2301|INFO|Microsoft.AspNetCore.Hosting.Diagnostics|Request starting HTTP/1.1 GET https://localhost:7141/ - -
2024-09-12 10:52:33.4332|INFO|Microsoft.AspNetCore.Hosting.Diagnostics|Request finished HTTP/1.1 GET https://localhost:7141/ - - - 404 0 - 204.2352ms
2024-09-12 10:52:44.9597|INFO|Microsoft.AspNetCore.Hosting.Diagnostics|Request starting HTTP/1.1 POST https://localhost:7141/Teacher/Add multipart/form-data;+boundary="386cc9b2-b20f-4d48-9497-15bbb49837ca" 578
2024-09-12 10:52:44.9613|INFO|Microsoft.AspNetCore.Routing.EndpointMiddleware|Executing endpoint 'yogaAdminAPI.Controllers.TeacherController.Add (yogaAdminAPI)'
2024-09-12 10:52:44.9755|INFO|Microsoft.AspNetCore.Mvc.Infrastructure.ControllerActionInvoker|Route matched with {action = "Add", controller = "Teacher"}. Executing controller action with signature System.Threading.Tasks.Task`1[yogaAdminLib.DTOs.AddRs] Add(Microsoft.AspNetCore.Http.IFormFile) on controller yogaAdminAPI.Controllers.TeacherController (yogaAdminAPI).
2024-09-12 10:52:53.7936|INFO|Microsoft.EntityFrameworkCore.Database.Command|Executed DbCommand (41ms) [Parameters=[@__mobile_0='?'], CommandType='Text', CommandTimeout='30']
SELECT t.id, t.createtime, t.eng_name, t.isfulltime, t.mobile, t.modifytime, t.name, t.worktype
FROM teacher AS t
WHERE t.mobile = @__mobile_0
LIMIT 1
2024-09-12 10:52:54.5803|INFO|Microsoft.EntityFrameworkCore.Database.Command|Executed DbCommand (4ms) [Parameters=[@__mobile_0='?'], CommandType='Text', CommandTimeout='30']
SELECT t.id, t.createtime, t.eng_name, t.isfulltime, t.mobile, t.modifytime, t.name, t.worktype
FROM teacher AS t
WHERE t.mobile = @__mobile_0
LIMIT 1
2024-09-12 10:52:55.7954|INFO|Microsoft.EntityFrameworkCore.Database.Command|Executed DbCommand (2ms) [Parameters=[@__mobile_0='?'], CommandType='Text', CommandTimeout='30']
SELECT t.id, t.createtime, t.eng_name, t.isfulltime, t.mobile, t.modifytime, t.name, t.worktype
FROM teacher AS t
WHERE t.mobile = @__mobile_0
LIMIT 1
2024-09-12 10:52:55.8768|INFO|Microsoft.EntityFrameworkCore.Database.Command|Executed DbCommand (79ms) [Parameters=[@__mobile_0='?'], CommandType='Text', CommandTimeout='30']
SELECT t.id, t.createtime, t.eng_name, t.isfulltime, t.mobile, t.modifytime, t.name, t.worktype
FROM teacher AS t
WHERE t.mobile = @__mobile_0
LIMIT 1
2024-09-12 10:52:55.9302|INFO|Microsoft.EntityFrameworkCore.Database.Command|Executed DbCommand (0ms) [Parameters=[@__mobile_0='?'], CommandType='Text', CommandTimeout='30']
SELECT t.id, t.createtime, t.eng_name, t.isfulltime, t.mobile, t.modifytime, t.name, t.worktype
FROM teacher AS t
WHERE t.mobile = @__mobile_0
LIMIT 1
2024-09-12 10:52:59.6590|INFO|Microsoft.EntityFrameworkCore.Database.Command|Executed DbCommand (28ms) [Parameters=[@p0='?', @p1='?', @p2='?', @p3='?' (DbType = Boolean), @p4='?', @p5='?', @p6='?', @p7='?', @p8='?', @p9='?', @p10='?', @p11='?' (DbType = Boolean), @p12='?', @p13='?', @p14='?', @p15='?'], CommandType='Text', CommandTimeout='30']
INSERT INTO teacher (id, createtime, eng_name, isfulltime, mobile, modifytime, name, worktype)
VALUES (@p0, @p1, @p2, @p3, @p4, @p5, @p6, @p7);
INSERT INTO teacher (id, createtime, eng_name, isfulltime, mobile, modifytime, name, worktype)
VALUES (@p8, @p9, @p10, @p11, @p12, @p13, @p14, @p15);
2024-09-12 10:52:59.6831|INFO|Microsoft.AspNetCore.Mvc.Infrastructure.ObjectResultExecutor|Executing ObjectResult, writing value of type 'yogaAdminLib.DTOs.AddRs'.
2024-09-12 10:52:59.6899|INFO|Microsoft.AspNetCore.Mvc.Infrastructure.ControllerActionInvoker|Executed action yogaAdminAPI.Controllers.TeacherController.Add (yogaAdminAPI) in 14713.1789ms
2024-09-12 10:52:59.6899|INFO|Microsoft.AspNetCore.Routing.EndpointMiddleware|Executed endpoint 'yogaAdminAPI.Controllers.TeacherController.Add (yogaAdminAPI)'
2024-09-12 10:52:59.6981|INFO|Microsoft.AspNetCore.Hosting.Diagnostics|Request finished HTTP/1.1 POST https://localhost:7141/Teacher/Add multipart/form-data;+boundary="386cc9b2-b20f-4d48-9497-15bbb49837ca" 578 - 200 - application/json;+charset=utf-8 14738.5380ms
2024-09-20 14:57:42.5802|INFO|Microsoft.Hosting.Lifetime|Now listening on: https://localhost:7141
2024-09-20 14:57:42.5988|INFO|Microsoft.Hosting.Lifetime|Now listening on: http://localhost:5113
2024-09-20 14:57:42.6006|INFO|Microsoft.Hosting.Lifetime|Application started. Press Ctrl+C to shut down.
2024-09-20 14:57:42.6015|INFO|Microsoft.Hosting.Lifetime|Hosting environment: Development
2024-09-20 14:57:42.6015|INFO|Microsoft.Hosting.Lifetime|Content root path: /Users/aimefu/Desktop/作品集/yogaAdmin/yogaAdminAPI/
2024-09-20 14:57:42.9535|INFO|Microsoft.AspNetCore.Hosting.Diagnostics|Request starting HTTP/1.1 GET https://localhost:7141/ - -
2024-09-20 14:57:43.1775|INFO|Microsoft.AspNetCore.Hosting.Diagnostics|Request finished HTTP/1.1 GET https://localhost:7141/ - - - 404 0 - 224.9765ms
2024-09-20 14:57:45.4955|INFO|Microsoft.AspNetCore.Hosting.Diagnostics|Request starting HTTP/1.1 GET https://localhost:7141/swagger - -
2024-09-20 14:57:45.5041|INFO|Microsoft.AspNetCore.Hosting.Diagnostics|Request finished HTTP/1.1 GET https://localhost:7141/swagger - - - 301 0 - 8.5438ms
2024-09-20 14:57:45.5061|INFO|Microsoft.AspNetCore.Hosting.Diagnostics|Request starting HTTP/1.1 GET https://localhost:7141/swagger/index.html - -
2024-09-20 14:57:45.5420|INFO|Microsoft.AspNetCore.Hosting.Diagnostics|Request finished HTTP/1.1 GET https://localhost:7141/swagger/index.html - - - 200 - text/html;charset=utf-8 35.9665ms
2024-09-20 14:57:45.5714|INFO|Microsoft.AspNetCore.Hosting.Diagnostics|Request starting HTTP/1.1 GET https://localhost:7141/swagger/swagger-ui.css - -
2024-09-20 14:57:45.5814|INFO|Microsoft.AspNetCore.StaticFiles.StaticFileMiddleware|Sending file. Request path: '/swagger-ui.css'. Physical path: 'N/A'
2024-09-20 14:57:45.5814|INFO|Microsoft.AspNetCore.Hosting.Diagnostics|Request finished HTTP/1.1 GET https://localhost:7141/swagger/swagger-ui.css - - - 200 144929 text/css 10.1447ms
2024-09-20 14:57:45.5814|INFO|Microsoft.AspNetCore.Hosting.Diagnostics|Request starting HTTP/1.1 GET https://localhost:7141/swagger/swagger-ui-bundle.js - -
2024-09-20 14:57:45.5887|INFO|Microsoft.AspNetCore.StaticFiles.StaticFileMiddleware|Sending file. Request path: '/swagger-ui-bundle.js'. Physical path: 'N/A'
2024-09-20 14:57:45.5887|INFO|Microsoft.AspNetCore.Hosting.Diagnostics|Request finished HTTP/1.1 GET https://localhost:7141/swagger/swagger-ui-bundle.js - - - 200 1061536 application/javascript 7.2424ms
2024-09-20 14:57:45.5887|INFO|Microsoft.AspNetCore.Hosting.Diagnostics|Request starting HTTP/1.1 GET https://localhost:7141/swagger/swagger-ui-standalone-preset.js - -
2024-09-20 14:57:45.6961|INFO|Microsoft.AspNetCore.StaticFiles.StaticFileMiddleware|Sending file. Request path: '/swagger-ui-standalone-preset.js'. Physical path: 'N/A'
2024-09-20 14:57:45.6970|INFO|Microsoft.AspNetCore.Hosting.Diagnostics|Request finished HTTP/1.1 GET https://localhost:7141/swagger/swagger-ui-standalone-preset.js - - - 200 312163 application/javascript 108.0340ms
2024-09-20 14:57:45.7382|INFO|Microsoft.AspNetCore.Hosting.Diagnostics|Request starting HTTP/1.1 GET https://localhost:7141/swagger/v1/swagger.json - -
2024-09-20 14:57:45.7918|ERROR|Microsoft.AspNetCore.Diagnostics.DeveloperExceptionPageMiddleware|An unhandled exception has occurred while executing the request.|Swashbuckle.AspNetCore.SwaggerGen.SwaggerGeneratorException: Failed to generate Operation for action - yogaAdminAPI.Controllers.YogaScheduleController.Insert (yogaAdminAPI). See inner exception
 ---> Swashbuckle.AspNetCore.SwaggerGen.SwaggerGeneratorException: Failed to generate schema for type - yogaAdminLib.DTOs.YogaSchedule.QueryRs. See inner exception
 ---> System.InvalidOperationException: Can't use schemaId "$QueryRs" for type "$yogaAdminLib.DTOs.YogaSchedule.QueryRs". The same schemaId is already used for type "$yogaAdminLib.DTOs.Teacher.QueryRs"
   at Swashbuckle.AspNetCore.SwaggerGen.SchemaRepository.RegisterType(Type type, String schemaId)
   at Swashbuckle.AspNetCore.SwaggerGen.SchemaGenerator.GenerateReferencedSchema(DataContract dataContract, SchemaRepository schemaRepository, Func`1 definitionFactory)
   at Swashbuckle.AspNetCore.SwaggerGen.SchemaGenerator.GenerateConcreteSchema(DataContract dataContract, SchemaRepository schemaRepository)
   at Swashbuckle.AspNetCore.SwaggerGen.SchemaGenerator.GenerateSchemaForType(Type modelType, SchemaRepository schemaRepository)
   at Swashbuckle.AspNetCore.SwaggerGen.SwaggerGenerator.GenerateSchema(Type type, SchemaRepository schemaRepository, PropertyInfo propertyInfo, ParameterInfo parameterInfo, ApiParameterRouteInfo routeInfo)
   --- End of inner exception stack trace ---
   at Swashbuckle.AspNetCore.SwaggerGen.SwaggerGenerator.GenerateSchema(Type type, SchemaRepository schemaRepository, PropertyInfo propertyInfo, ParameterInfo parameterInfo, ApiParameterRouteInfo routeInfo)
   at Swashbuckle.AspNetCore.SwaggerGen.SwaggerGenerator.CreateResponseMediaType(ModelMetadata modelMetadata, SchemaRepository schemaRespository)
   at System.Linq.Enumerable.ToDictionary[TSource,TKey,TElement](IEnumerable`1 source, Func`2 keySelector, Func`2 elementSelector, IEqualityComparer`1 comparer)
   at Swashbuckle.AspNetCore.SwaggerGen.SwaggerGenerator.GenerateResponse(ApiDescription apiDescription, SchemaRepository schemaRepository, String statusCode, ApiResponseType apiResponseType)
   at Swashbuckle.AspNetCore.SwaggerGen.SwaggerGenerator.GenerateResponses(ApiDescription apiDescription, SchemaRepository schemaRepository)
   at Swashbuckle.AspNetCore.SwaggerGen.SwaggerGenerator.GenerateOperation(ApiDescription apiDescription, SchemaRepository schemaRepository)
   --- End of inner exception stack trace ---
   at Swashbuckle.AspNetCore.SwaggerGen.SwaggerGenerator.GenerateOperation(ApiDescription apiDescription, SchemaRepository schemaRepository)
   at Swashbuckle.AspNetCore.SwaggerGen.SwaggerGenerator.GenerateOperations(IEnumerable`1 apiDescriptions, SchemaRepository schemaRepository)
   at Swashbuckle.AspNetCore.SwaggerGen.SwaggerGenerator.GeneratePaths(IEnumerable`1 apiDescriptions, SchemaRepository schemaRepository)
   at Swashbuckle.AspNetCore.SwaggerGen.SwaggerGenerator.GetSwaggerDocumentWithoutFilters(String documentName, String host, String basePath)
   at Swashbuckle.AspNetCore.SwaggerGen.SwaggerGenerator.GetSwaggerAsync(String documentName, String host, String basePath)
   at Swashbuckle.AspNetCore.Swagger.SwaggerMiddleware.Invoke(HttpContext httpContext, ISwaggerProvider swaggerProvider)
   at Microsoft.AspNetCore.Diagnostics.DeveloperExceptionPageMiddleware.Invoke(HttpContext context)
2024-09-20 14:57:45.7989|INFO|Microsoft.AspNetCore.Hosting.Diagnostics|Request finished HTTP/1.1 GET https://localhost:7141/swagger/v1/swagger.json - - - 500 - text/plain;+charset=utf-8 60.6358ms
2024-09-20 14:57:46.0724|INFO|Microsoft.AspNetCore.Hosting.Diagnostics|Request starting HTTP/1.1 GET https://localhost:7141/swagger/favicon-32x32.png - -
2024-09-20 14:57:46.0724|INFO|Microsoft.AspNetCore.StaticFiles.StaticFileMiddleware|Sending file. Request path: '/favicon-32x32.png'. Physical path: 'N/A'
2024-09-20 14:57:46.0724|INFO|Microsoft.AspNetCore.Hosting.Diagnostics|Request finished HTTP/1.1 GET https://localhost:7141/swagger/favicon-32x32.png - - - 200 628 image/png 0.2618ms
2024-09-20 14:58:35.0463|INFO|Microsoft.Hosting.Lifetime|Now listening on: https://localhost:7141
2024-09-20 14:58:35.0641|INFO|Microsoft.Hosting.Lifetime|Now listening on: http://localhost:5113
2024-09-20 14:58:35.0658|INFO|Microsoft.Hosting.Lifetime|Application started. Press Ctrl+C to shut down.
2024-09-20 14:58:35.0658|INFO|Microsoft.Hosting.Lifetime|Hosting environment: Development
2024-09-20 14:58:35.0658|INFO|Microsoft.Hosting.Lifetime|Content root path: /Users/aimefu/Desktop/作品集/yogaAdmin/yogaAdminAPI/
2024-09-20 14:58:35.3169|INFO|Microsoft.AspNetCore.Hosting.Diagnostics|Request starting HTTP/1.1 GET https://localhost:7141/ - -
2024-09-20 14:58:35.5319|INFO|Microsoft.AspNetCore.Hosting.Diagnostics|Request finished HTTP/1.1 GET https://localhost:7141/ - - - 404 0 - 216.1011ms
2024-09-20 14:58:37.3925|INFO|Microsoft.AspNetCore.Hosting.Diagnostics|Request starting HTTP/1.1 GET https://localhost:7141/swagger - -
2024-09-20 14:58:37.4009|INFO|Microsoft.AspNetCore.Hosting.Diagnostics|Request finished HTTP/1.1 GET https://localhost:7141/swagger - - - 301 0 - 8.3623ms
2024-09-20 14:58:37.4023|INFO|Microsoft.AspNetCore.Hosting.Diagnostics|Request starting HTTP/1.1 GET https://localhost:7141/swagger/index.html - -
2024-09-20 14:58:37.4372|INFO|Microsoft.AspNetCore.Hosting.Diagnostics|Request finished HTTP/1.1 GET https://localhost:7141/swagger/index.html - - - 200 - text/html;charset=utf-8 34.9200ms
2024-09-20 14:58:37.4411|INFO|Microsoft.AspNetCore.Hosting.Diagnostics|Request starting HTTP/1.1 GET https://localhost:7141/swagger/swagger-ui.css - -
2024-09-20 14:58:37.4494|INFO|Microsoft.AspNetCore.StaticFiles.StaticFileMiddleware|Sending file. Request path: '/swagger-ui.css'. Physical path: 'N/A'
2024-09-20 14:58:37.4494|INFO|Microsoft.AspNetCore.Hosting.Diagnostics|Request finished HTTP/1.1 GET https://localhost:7141/swagger/swagger-ui.css - - - 200 144929 text/css 8.3267ms
2024-09-20 14:58:37.4494|INFO|Microsoft.AspNetCore.Hosting.Diagnostics|Request starting HTTP/1.1 GET https://localhost:7141/swagger/swagger-ui-bundle.js - -
2024-09-20 14:58:37.4611|INFO|Microsoft.AspNetCore.StaticFiles.StaticFileMiddleware|Sending file. Request path: '/swagger-ui-bundle.js'. Physical path: 'N/A'
2024-09-20 14:58:37.4619|INFO|Microsoft.AspNetCore.Hosting.Diagnostics|Request finished HTTP/1.1 GET https://localhost:7141/swagger/swagger-ui-bundle.js - - - 200 1061536 application/javascript 12.3841ms
2024-09-20 14:58:37.7132|INFO|Microsoft.AspNetCore.Hosting.Diagnostics|Request starting HTTP/1.1 GET https://localhost:7141/swagger - -
2024-09-20 14:58:37.7132|INFO|Microsoft.AspNetCore.Hosting.Diagnostics|Request finished HTTP/1.1 GET https://localhost:7141/swagger - - - 301 0 - 0.2654ms
2024-09-20 14:58:37.7144|INFO|Microsoft.AspNetCore.Hosting.Diagnostics|Request starting HTTP/1.1 GET https://localhost:7141/swagger/index.html - -
2024-09-20 14:58:37.7151|INFO|Microsoft.AspNetCore.Hosting.Diagnostics|Request finished HTTP/1.1 GET https://localhost:7141/swagger/index.html - - - 200 - text/html;charset=utf-8 0.6321ms
2024-09-20 14:58:37.7199|INFO|Microsoft.AspNetCore.Hosting.Diagnostics|Request starting HTTP/1.1 GET https://localhost:7141/swagger/swagger-ui.css - -
2024-09-20 14:58:37.7208|INFO|Microsoft.AspNetCore.StaticFiles.StaticFileMiddleware|Sending file. Request path: '/swagger-ui.css'. Physical path: 'N/A'
2024-09-20 14:58:37.7208|INFO|Microsoft.AspNetCore.Hosting.Diagnostics|Request finished HTTP/1.1 GET https://localhost:7141/swagger/swagger-ui.css - - - 200 144929 text/css 1.0054ms
2024-09-20 14:58:37.7469|INFO|Microsoft.AspNetCore.Hosting.Diagnostics|Request starting HTTP/1.1 GET https://localhost:7141/swagger/swagger-ui-bundle.js - -
2024-09-20 14:58:37.7769|INFO|Microsoft.AspNetCore.StaticFiles.StaticFileMiddleware|Sending file. Request path: '/swagger-ui-bundle.js'. Physical path: 'N/A'
2024-09-20 14:58:37.7769|INFO|Microsoft.AspNetCore.Hosting.Diagnostics|Request finished HTTP/1.1 GET https://localhost:7141/swagger/swagger-ui-bundle.js - - - 200 1061536 application/javascript 30.1780ms
2024-09-20 14:58:37.7769|INFO|Microsoft.AspNetCore.Hosting.Diagnostics|Request starting HTTP/1.1 GET https://localhost:7141/swagger/swagger-ui-standalone-preset.js - -
2024-09-20 14:58:37.8521|INFO|Microsoft.AspNetCore.StaticFiles.StaticFileMiddleware|Sending file. Request path: '/swagger-ui-standalone-preset.js'. Physical path: 'N/A'
2024-09-20 14:58:37.8521|INFO|Microsoft.AspNetCore.Hosting.Diagnostics|Request finished HTTP/1.1 GET https://localhost:7141/swagger/swagger-ui-standalone-preset.js - - - 200 312163 application/javascript 75.0885ms
2024-09-20 14:58:37.8886|INFO|Microsoft.AspNetCore.Hosting.Diagnostics|Request starting HTTP/1.1 GET https://localhost:7141/swagger/v1/swagger.json - -
2024-09-20 14:58:37.9298|ERROR|Microsoft.AspNetCore.Diagnostics.DeveloperExceptionPageMiddleware|An unhandled exception has occurred while executing the request.|Swashbuckle.AspNetCore.SwaggerGen.SwaggerGeneratorException: Failed to generate Operation for action - yogaAdminAPI.Controllers.YogaScheduleController.Insert (yogaAdminAPI). See inner exception
 ---> Swashbuckle.AspNetCore.SwaggerGen.SwaggerGeneratorException: Failed to generate schema for type - yogaAdminLib.DTOs.YogaSchedule.QueryRs. See inner exception
 ---> System.InvalidOperationException: Can't use schemaId "$QueryRs" for type "$yogaAdminLib.DTOs.YogaSchedule.QueryRs". The same schemaId is already used for type "$yogaAdminLib.DTOs.Teacher.QueryRs"
   at Swashbuckle.AspNetCore.SwaggerGen.SchemaRepository.RegisterType(Type type, String schemaId)
   at Swashbuckle.AspNetCore.SwaggerGen.SchemaGenerator.GenerateReferencedSchema(DataContract dataContract, SchemaRepository schemaRepository, Func`1 definitionFactory)
   at Swashbuckle.AspNetCore.SwaggerGen.SchemaGenerator.GenerateConcreteSchema(DataContract dataContract, SchemaRepository schemaRepository)
   at Swashbuckle.AspNetCore.SwaggerGen.SchemaGenerator.GenerateSchemaForType(Type modelType, SchemaRepository schemaRepository)
   at Swashbuckle.AspNetCore.SwaggerGen.SwaggerGenerator.GenerateSchema(Type type, SchemaRepository schemaRepository, PropertyInfo propertyInfo, ParameterInfo parameterInfo, ApiParameterRouteInfo routeInfo)
   --- End of inner exception stack trace ---
   at Swashbuckle.AspNetCore.SwaggerGen.SwaggerGenerator.GenerateSchema(Type type, SchemaRepository schemaRepository, PropertyInfo propertyInfo, ParameterInfo parameterInfo, ApiParameterRouteInfo routeInfo)
   at Swashbuckle.AspNetCore.SwaggerGen.SwaggerGenerator.CreateResponseMediaType(ModelMetadata modelMetadata, SchemaRepository schemaRespository)
   at System.Linq.Enumerable.ToDictionary[TSource,TKey,TElement](IEnumerable`1 source, Func`2 keySelector, Func`2 elementSelector, IEqualityComparer`1 comparer)
   at Swashbuckle.AspNetCore.SwaggerGen.SwaggerGenerator.GenerateResponse(ApiDescription apiDescription, SchemaRepository schemaRepository, String statusCode, ApiResponseType apiResponseType)
   at Swashbuckle.AspNetCore.SwaggerGen.SwaggerGenerator.GenerateResponses(ApiDescription apiDescription, SchemaRepository schemaRepository)
   at Swashbuckle.AspNetCore.SwaggerGen.SwaggerGenerator.GenerateOperation(ApiDescription apiDescription, SchemaRepository schemaRepository)
   --- End of inner exception stack trace ---
   at Swashbuckle.AspNetCore.SwaggerGen.SwaggerGenerator.GenerateOperation(ApiDescription apiDescription, SchemaRepository schemaRepository)
   at Swashbuckle.AspNetCore.SwaggerGen.SwaggerGenerator.GenerateOperations(IEnumerable`1 apiDescriptions, SchemaRepository schemaRepository)
   at Swashbuckle.AspNetCore.SwaggerGen.SwaggerGenerator.GeneratePaths(IEnumerable`1 apiDescriptions, SchemaRepository schemaRepository)
   at Swashbuckle.AspNetCore.SwaggerGen.SwaggerGenerator.GetSwaggerDocumentWithoutFilters(String documentName, String host, String basePath)
   at Swashbuckle.AspNetCore.SwaggerGen.SwaggerGenerator.GetSwaggerAsync(String documentName, String host, String basePath)
   at Swashbuckle.AspNetCore.Swagger.SwaggerMiddleware.Invoke(HttpContext httpContext, ISwaggerProvider swaggerProvider)
   at Microsoft.AspNetCore.Diagnostics.DeveloperExceptionPageMiddleware.Invoke(HttpContext context)
2024-09-20 14:58:37.9361|INFO|Microsoft.AspNetCore.Hosting.Diagnostics|Request finished HTTP/1.1 GET https://localhost:7141/swagger/v1/swagger.json - - - 500 - text/plain;+charset=utf-8 47.5160ms
2024-09-20 14:58:47.2521|INFO|Microsoft.AspNetCore.Hosting.Diagnostics|Request starting HTTP/1.1 GET https://localhost:7141//swagger/v1/swagger.json - -
2024-09-20 14:58:47.2533|INFO|Microsoft.AspNetCore.Hosting.Diagnostics|Request finished HTTP/1.1 GET https://localhost:7141//swagger/v1/swagger.json - - - 404 0 - 1.1879ms
2024-09-20 14:58:53.1590|INFO|Microsoft.AspNetCore.Hosting.Diagnostics|Request starting HTTP/1.1 GET https://localhost:7141/swagger/v1/swagger.json - -
2024-09-20 14:58:53.1615|ERROR|Microsoft.AspNetCore.Diagnostics.DeveloperExceptionPageMiddleware|An unhandled exception has occurred while executing the request.|Swashbuckle.AspNetCore.SwaggerGen.SwaggerGeneratorException: Failed to generate Operation for action - yogaAdminAPI.Controllers.YogaScheduleController.Insert (yogaAdminAPI). See inner exception
 ---> Swashbuckle.AspNetCore.SwaggerGen.SwaggerGeneratorException: Failed to generate schema for type - yogaAdminLib.DTOs.YogaSchedule.QueryRs. See inner exception
 ---> System.InvalidOperationException: Can't use schemaId "$QueryRs" for type "$yogaAdminLib.DTOs.YogaSchedule.QueryRs". The same schemaId is already used for type "$yogaAdminLib.DTOs.Teacher.QueryRs"
   at Swashbuckle.AspNetCore.SwaggerGen.SchemaRepository.RegisterType(Type type, String schemaId)
   at Swashbuckle.AspNetCore.SwaggerGen.SchemaGenerator.GenerateReferencedSchema(DataContract dataContract, SchemaRepository schemaRepository, Func`1 definitionFactory)
   at Swashbuckle.AspNetCore.SwaggerGen.SchemaGenerator.GenerateConcreteSchema(DataContract dataContract, SchemaRepository schemaRepository)
   at Swashbuckle.AspNetCore.SwaggerGen.SchemaGenerator.GenerateSchemaForType(Type modelType, SchemaRepository schemaRepository)
   at Swashbuckle.AspNetCore.SwaggerGen.SwaggerGenerator.GenerateSchema(Type type, SchemaRepository schemaRepository, PropertyInfo propertyInfo, ParameterInfo parameterInfo, ApiParameterRouteInfo routeInfo)
   --- End of inner exception stack trace ---
   at Swashbuckle.AspNetCore.SwaggerGen.SwaggerGenerator.GenerateSchema(Type type, SchemaRepository schemaRepository, PropertyInfo propertyInfo, ParameterInfo parameterInfo, ApiParameterRouteInfo routeInfo)
   at Swashbuckle.AspNetCore.SwaggerGen.SwaggerGenerator.CreateResponseMediaType(ModelMetadata modelMetadata, SchemaRepository schemaRespository)
   at System.Linq.Enumerable.ToDictionary[TSource,TKey,TElement](IEnumerable`1 source, Func`2 keySelector, Func`2 elementSelector, IEqualityComparer`1 comparer)
   at Swashbuckle.AspNetCore.SwaggerGen.SwaggerGenerator.GenerateResponse(ApiDescription apiDescription, SchemaRepository schemaRepository, String statusCode, ApiResponseType apiResponseType)
   at Swashbuckle.AspNetCore.SwaggerGen.SwaggerGenerator.GenerateResponses(ApiDescription apiDescription, SchemaRepository schemaRepository)
   at Swashbuckle.AspNetCore.SwaggerGen.SwaggerGenerator.GenerateOperation(ApiDescription apiDescription, SchemaRepository schemaRepository)
   --- End of inner exception stack trace ---
   at Swashbuckle.AspNetCore.SwaggerGen.SwaggerGenerator.GenerateOperation(ApiDescription apiDescription, SchemaRepository schemaRepository)
   at Swashbuckle.AspNetCore.SwaggerGen.SwaggerGenerator.GenerateOperations(IEnumerable`1 apiDescriptions, SchemaRepository schemaRepository)
   at Swashbuckle.AspNetCore.SwaggerGen.SwaggerGenerator.GeneratePaths(IEnumerable`1 apiDescriptions, SchemaRepository schemaRepository)
   at Swashbuckle.AspNetCore.SwaggerGen.SwaggerGenerator.GetSwaggerDocumentWithoutFilters(String documentName, String host, String basePath)
   at Swashbuckle.AspNetCore.SwaggerGen.SwaggerGenerator.GetSwaggerAsync(String documentName, String host, String basePath)
   at Swashbuckle.AspNetCore.Swagger.SwaggerMiddleware.Invoke(HttpContext httpContext, ISwaggerProvider swaggerProvider)
   at Microsoft.AspNetCore.Diagnostics.DeveloperExceptionPageMiddleware.Invoke(HttpContext context)
2024-09-20 14:58:53.1763|INFO|Microsoft.AspNetCore.Hosting.Diagnostics|Request finished HTTP/1.1 GET https://localhost:7141/swagger/v1/swagger.json - - - 500 - text/html;+charset=utf-8 17.3437ms
2024-09-20 14:58:53.2221|INFO|Microsoft.AspNetCore.Hosting.Diagnostics|Request starting HTTP/1.1 GET https://localhost:7141/favicon.ico - -
2024-09-20 14:58:53.2221|INFO|Microsoft.AspNetCore.Hosting.Diagnostics|Request finished HTTP/1.1 GET https://localhost:7141/favicon.ico - - - 404 0 - 0.2911ms
2024-09-20 15:04:44.1502|INFO|Microsoft.Hosting.Lifetime|Now listening on: https://localhost:7141
2024-09-20 15:04:44.1677|INFO|Microsoft.Hosting.Lifetime|Now listening on: http://localhost:5113
2024-09-20 15:04:44.1695|INFO|Microsoft.Hosting.Lifetime|Application started. Press Ctrl+C to shut down.
2024-09-20 15:04:44.1704|INFO|Microsoft.Hosting.Lifetime|Hosting environment: Development
2024-09-20 15:04:44.1704|INFO|Microsoft.Hosting.Lifetime|Content root path: /Users/aimefu/Desktop/作品集/yogaAdmin/yogaAdminAPI/
2024-09-20 15:04:44.3914|INFO|Microsoft.AspNetCore.Hosting.Diagnostics|Request starting HTTP/1.1 GET https://localhost:7141/ - -
2024-09-20 15:04:44.6091|INFO|Microsoft.AspNetCore.Hosting.Diagnostics|Request finished HTTP/1.1 GET https://localhost:7141/ - - - 404 0 - 218.9547ms
2024-09-20 15:04:46.1727|INFO|Microsoft.AspNetCore.Hosting.Diagnostics|Request starting HTTP/1.1 GET https://localhost:7141/swagger - -
2024-09-20 15:04:46.1793|INFO|Microsoft.AspNetCore.Hosting.Diagnostics|Request finished HTTP/1.1 GET https://localhost:7141/swagger - - - 301 0 - 6.5535ms
2024-09-20 15:04:46.1809|INFO|Microsoft.AspNetCore.Hosting.Diagnostics|Request starting HTTP/1.1 GET https://localhost:7141/swagger/index.html - -
2024-09-20 15:04:46.2150|INFO|Microsoft.AspNetCore.Hosting.Diagnostics|Request finished HTTP/1.1 GET https://localhost:7141/swagger/index.html - - - 200 - text/html;charset=utf-8 34.1165ms
2024-09-20 15:04:46.2658|INFO|Microsoft.AspNetCore.Hosting.Diagnostics|Request starting HTTP/1.1 GET https://localhost:7141/swagger/swagger-ui.css - -
2024-09-20 15:04:46.2744|INFO|Microsoft.AspNetCore.StaticFiles.StaticFileMiddleware|Sending file. Request path: '/swagger-ui.css'. Physical path: 'N/A'
2024-09-20 15:04:46.2744|INFO|Microsoft.AspNetCore.Hosting.Diagnostics|Request finished HTTP/1.1 GET https://localhost:7141/swagger/swagger-ui.css - - - 200 144929 text/css 8.6758ms
2024-09-20 15:04:46.2744|INFO|Microsoft.AspNetCore.Hosting.Diagnostics|Request starting HTTP/1.1 GET https://localhost:7141/swagger/swagger-ui-bundle.js - -
2024-09-20 15:04:46.3072|INFO|Microsoft.AspNetCore.StaticFiles.StaticFileMiddleware|Sending file. Request path: '/swagger-ui-bundle.js'. Physical path: 'N/A'
2024-09-20 15:04:46.3072|INFO|Microsoft.AspNetCore.Hosting.Diagnostics|Request finished HTTP/1.1 GET https://localhost:7141/swagger/swagger-ui-bundle.js - - - 200 1061536 application/javascript 32.6591ms
2024-09-20 15:04:46.7073|INFO|Microsoft.AspNetCore.Hosting.Diagnostics|Request starting HTTP/1.1 GET https://localhost:7141/swagger - -
2024-09-20 15:04:46.7073|INFO|Microsoft.AspNetCore.Hosting.Diagnostics|Request finished HTTP/1.1 GET https://localhost:7141/swagger - - - 301 0 - 0.3823ms
2024-09-20 15:04:46.7087|INFO|Microsoft.AspNetCore.Hosting.Diagnostics|Request starting HTTP/1.1 GET https://localhost:7141/swagger/index.html - -
2024-09-20 15:04:46.7095|INFO|Microsoft.AspNetCore.Hosting.Diagnostics|Request finished HTTP/1.1 GET https://localhost:7141/swagger/index.html - - - 200 - text/html;charset=utf-8 0.7822ms
2024-09-20 15:04:46.7167|INFO|Microsoft.AspNetCore.Hosting.Diagnostics|Request starting HTTP/1.1 GET https://localhost:7141/swagger/swagger-ui.css - -
2024-09-20 15:04:46.7177|INFO|Microsoft.AspNetCore.StaticFiles.StaticFileMiddleware|Sending file. Request path: '/swagger-ui.css'. Physical path: 'N/A'
2024-09-20 15:04:46.7177|INFO|Microsoft.AspNetCore.Hosting.Diagnostics|Request finished HTTP/1.1 GET https://localhost:7141/swagger/swagger-ui.css - - - 200 144929 text/css 1.0829ms
2024-09-20 15:04:46.7392|INFO|Microsoft.AspNetCore.Hosting.Diagnostics|Request starting HTTP/1.1 GET https://localhost:7141/swagger/swagger-ui-bundle.js - -
2024-09-20 15:04:46.8612|INFO|Microsoft.AspNetCore.StaticFiles.StaticFileMiddleware|Sending file. Request path: '/swagger-ui-bundle.js'. Physical path: 'N/A'
2024-09-20 15:04:46.8612|INFO|Microsoft.AspNetCore.Hosting.Diagnostics|Request finished HTTP/1.1 GET https://localhost:7141/swagger/swagger-ui-bundle.js - - - 200 1061536 application/javascript 122.1532ms
2024-09-20 15:04:46.8622|INFO|Microsoft.AspNetCore.Hosting.Diagnostics|Request starting HTTP/1.1 GET https://localhost:7141/swagger/swagger-ui-standalone-preset.js - -
2024-09-20 15:04:46.8718|INFO|Microsoft.AspNetCore.StaticFiles.StaticFileMiddleware|Sending file. Request path: '/swagger-ui-standalone-preset.js'. Physical path: 'N/A'
2024-09-20 15:04:46.8731|INFO|Microsoft.AspNetCore.Hosting.Diagnostics|Request finished HTTP/1.1 GET https://localhost:7141/swagger/swagger-ui-standalone-preset.js - - - 200 312163 application/javascript 10.9124ms
2024-09-20 15:04:46.9509|INFO|Microsoft.AspNetCore.Hosting.Diagnostics|Request starting HTTP/1.1 GET https://localhost:7141/swagger/v1/swagger.json - -
2024-09-20 15:04:47.0299|INFO|Microsoft.AspNetCore.Hosting.Diagnostics|Request finished HTTP/1.1 GET https://localhost:7141/swagger/v1/swagger.json - - - 200 - application/json;charset=utf-8 78.9892ms
2024-09-20 15:05:03.8657|INFO|Microsoft.Hosting.Lifetime|Now listening on: https://localhost:7141
2024-09-20 15:05:03.8835|INFO|Microsoft.Hosting.Lifetime|Now listening on: http://localhost:5113
2024-09-20 15:05:03.8856|INFO|Microsoft.Hosting.Lifetime|Application started. Press Ctrl+C to shut down.
2024-09-20 15:05:03.8866|INFO|Microsoft.Hosting.Lifetime|Hosting environment: Development
2024-09-20 15:05:03.8866|INFO|Microsoft.Hosting.Lifetime|Content root path: /Users/aimefu/Desktop/作品集/yogaAdmin/yogaAdminAPI/
2024-09-20 15:05:04.1037|INFO|Microsoft.AspNetCore.Hosting.Diagnostics|Request starting HTTP/1.1 GET https://localhost:7141/ - -
2024-09-20 15:05:04.3127|INFO|Microsoft.AspNetCore.Hosting.Diagnostics|Request finished HTTP/1.1 GET https://localhost:7141/ - - - 404 0 - 210.3480ms
